<?xml version="1.0" encoding="UTF-8"?>
<!-- Generated by org.testng.reporters.JUnitXMLReporter -->
<testsuite ignored="0" hostname="DESKTOP-HADT1D5" failures="0" tests="10" name="Default test" time="15.795" errors="0" timestamp="2023-02-02T04:35:36 IST">
  <testcase classname="assignment13.Task3_CreateUserTestUsingDataProviderWithExcel" name="verifyLogoTest" time="0.066"/>
  <testcase classname="assignment13.Task3_CreateUserTestUsingDataProviderWithExcel" name="verifyPractiseLinkTest" time="0.035"/>
  <testcase classname="assignment13.Task3_CreateUserTestUsingDataProviderWithExcel" name="clickLogInTest" time="0.089"/>
  <testcase classname="assignment13.Task3_CreateUserTestUsingDataProviderWithExcel" name="verifySigInLabelTest" time="0.028"/>
  <testcase classname="assignment13.Task3_CreateUserTestUsingDataProviderWithExcel" name="clickOnSignUpLinkAndVerifySignUpLabelTest" time="0.674"/>
  <testcase classname="assignment13.Task3_CreateUserTestUsingDataProviderWithExcel" name="createUserTest" time="2.166"/>
  <testcase classname="assignment13.Task3_CreateUserTestUsingDataProviderWithExcel" name="createUserTest" time="2.105"/>
  <testcase classname="assignment13.Task3_CreateUserTestUsingDataProviderWithExcel" name="createUserTest" time="2.368"/>
  <testcase classname="assignment13.Task3_CreateUserTestUsingDataProviderWithExcel" name="createUserTest" time="2.338"/>
  <testcase classname="assignment13.Task3_CreateUserTestUsingDataProviderWithExcel" name="createUserTest" time="2.187"/>
</testsuite> <!-- Default test -->
