<?xml version="1.0" encoding="UTF-8"?>
<!-- Generated by org.testng.reporters.JUnitXMLReporter -->
<testsuite ignored="0" hostname="DESKTOP-HADT1D5" failures="0" tests="5" name="Default test" time="35.633" errors="0" timestamp="2023-02-21T20:58:24 IST">
  <testcase classname="practise.LoginTest" name="loginTestFuncion" time="4.276"/>
  <testcase classname="practise.LoginTest" name="loginTestFuncion" time="4.261"/>
  <testcase classname="practise.LoginTest" name="loginTestFuncion" time="4.267"/>
  <testcase classname="practise.LoginTest" name="loginTestFuncion" time="4.229"/>
  <testcase classname="practise.LoginTest" name="loginTestFuncion" time="4.282"/>
</testsuite> <!-- Default test -->
