<?xml version="1.0" encoding="UTF-8"?>
<!-- Generated by org.testng.reporters.JUnitXMLReporter -->
<testsuite ignored="0" hostname="DESKTOP-HADT1D5" failures="0" tests="3" name="Parallel Test" time="0.072" errors="0" timestamp="2023-01-22T23:05:39 IST">
  <testcase classname="jan_21.ParallelExecution" name="test1" time="0.01"/>
  <testcase classname="jan_21.ParallelExecution" name="test2" time="0.01"/>
  <testcase classname="jan_21.ParallelExecution" name="test3" time="0.002"/>
</testsuite> <!-- Parallel Test -->
