<?xml version="1.0" encoding="UTF-8"?>
<!-- Generated by org.testng.reporters.JUnitXMLReporter -->
<testsuite ignored="0" hostname="DESKTOP-HADT1D5" failures="0" tests="6" name="Parallel Test2" time="39.643" errors="0" timestamp="2023-01-24T18:02:31 IST">
  <testcase classname="jan_21.ParallelExecution" name="test1" time="0.014"/>
  <testcase classname="jan_21.ParallelExecution" name="test2" time="0.002"/>
  <testcase classname="jan_21.ParallelExecution" name="test3" time="0.002"/>
  <testcase classname="jan_21.ParallelExecution2" name="test1" time="4.372"/>
  <testcase classname="jan_21.ParallelExecution2" name="test2" time="28.84"/>
  <testcase classname="jan_21.ParallelExecution2" name="test3" time="6.381"/>
</testsuite> <!-- Parallel Test2 -->
