<?xml version="1.0" encoding="UTF-8"?>
<!-- Generated by org.testng.reporters.JUnitXMLReporter -->
<testsuite ignored="0" hostname="DESKTOP-HADT1D5" failures="0" tests="23" name="Regression" time="9.751" errors="0" timestamp="2023-01-22T22:34:53 IST">
  <testcase classname="jan_15_selenium_grid.MyFirstTestNG" name="test1" time="0.008"/>
  <testcase classname="jan_15_selenium_grid.MyFirstTestNG" name="test2" time="0.001"/>
  <testcase classname="jan_15_selenium_grid.MyFirstTestNG" name="test3" time="0.001"/>
  <testcase classname="jan_15_selenium_grid.SeleniumWithTestNG" name="startBrowser" time="2.414"/>
  <testcase classname="jan_15_selenium_grid.SeleniumWithTestNG" name="verifyUrl" time="0.011"/>
  <testcase classname="jan_15_selenium_grid.SeleniumWithTestNG" name="verifyTitle" time="0.007"/>
  <testcase classname="jan_15_selenium_grid.SeleniumWithTestNG" name="closeBrowser" time="0.178"/>
  <testcase classname="jan_15_selenium_grid.MyFirstTestNG2" name="login" time="0.0"/>
  <testcase classname="jan_15_selenium_grid.MyFirstTestNG2" name="createAccount" time="0.002"/>
  <testcase classname="jan_15_selenium_grid.MyFirstTestNG2" name="makePayment" time="0.002"/>
  <testcase classname="jan_15_selenium_grid.MyFirstTestNG2" name="logout" time="0.0"/>
  <testcase classname="jan_15_selenium_grid.SeleniumWithTestNG2" name="startBrowser" time="1.521"/>
  <testcase classname="jan_15_selenium_grid.SeleniumWithTestNG2" name="verifyUrl" time="0.007"/>
  <testcase classname="jan_15_selenium_grid.SeleniumWithTestNG2" name="verifyTitle" time="0.007"/>
  <testcase classname="jan_15_selenium_grid.SeleniumWithTestNG2" name="verifyFooterCount" time="0.017"/>
  <testcase classname="jan_15_selenium_grid.SeleniumWithTestNG2" name="login" time="3.227"/>
  <testcase classname="jan_15_selenium_grid.SeleniumWithTestNG2" name="logout" time="2.071"/>
  <testcase classname="jan_15_selenium_grid.SeleniumWithTestNG2" name="closeBrowser" time="0.18"/>
  <testcase classname="jan_15_selenium_grid.AssertDemo" name="test1" time="0.002"/>
  <testcase classname="jan_15_selenium_grid.AssertDemo" name="test2" time="0.001"/>
  <testcase classname="jan_15_selenium_grid.AssertDemo" name="test3" time="0.001"/>
  <testcase classname="jan_15_selenium_grid.AssertDemo" name="test4" time="0.001"/>
  <testcase classname="jan_15_selenium_grid.AssertDemo" name="test5" time="0.001"/>
</testsuite> <!-- Regression -->
