<?xml version="1.0" encoding="UTF-8"?>
<testng-results ignored="0" total="5" passed="5" failed="0" skipped="0">
  <reporter-output>
  </reporter-output>
  <suite started-at="2023-02-21T20:57:49 IST" name="Default suite" finished-at="2023-02-21T20:58:24 IST" duration-ms="35633">
    <groups>
    </groups>
    <test started-at="2023-02-21T20:57:49 IST" name="Default test" finished-at="2023-02-21T20:58:24 IST" duration-ms="35633">
      <class name="practise.LoginTest">
        <test-method is-config="true" signature="setUp()[pri:0, instance:practise.LoginTest@7d8995e]" started-at="2023-02-21T20:57:49 IST" name="setUp" finished-at="2023-02-21T20:57:51 IST" duration-ms="2706" status="PASS">
          <reporter-output>
          </reporter-output>
        </test-method> <!-- setUp -->
        <test-method signature="loginTestFuncion(java.lang.String,java.lang.String,java.lang.String)[pri:0, instance:practise.LoginTest@7d8995e]" started-at="2023-02-21T20:57:51 IST" name="loginTestFuncion" data-provider="loginData" finished-at="2023-02-21T20:57:56 IST" duration-ms="4276" status="PASS">
          <params>
            <param index="0">
              <value>
                <![CDATA[ValidCred]]>
              </value>
            </param>
            <param index="1">
              <value>
                <![CDATA[ineuron@ineuron.ai]]>
              </value>
            </param>
            <param index="2">
              <value>
                <![CDATA[ineuron]]>
              </value>
            </param>
          </params>
          <reporter-output>
          </reporter-output>
        </test-method> <!-- loginTestFuncion -->
        <test-method is-config="true" signature="tearDown()[pri:0, instance:practise.LoginTest@7d8995e]" started-at="2023-02-21T20:57:56 IST" name="tearDown" finished-at="2023-02-21T20:57:56 IST" duration-ms="185" status="PASS">
          <reporter-output>
          </reporter-output>
        </test-method> <!-- tearDown -->
        <test-method is-config="true" signature="setUp()[pri:0, instance:practise.LoginTest@7d8995e]" started-at="2023-02-21T20:57:56 IST" name="setUp" finished-at="2023-02-21T20:57:58 IST" duration-ms="1877" status="PASS">
          <reporter-output>
          </reporter-output>
        </test-method> <!-- setUp -->
        <test-method signature="loginTestFuncion(java.lang.String,java.lang.String,java.lang.String)[pri:0, instance:practise.LoginTest@7d8995e]" started-at="2023-02-21T20:57:58 IST" name="loginTestFuncion" data-provider="loginData" finished-at="2023-02-21T20:58:02 IST" duration-ms="4261" status="PASS">
          <params>
            <param index="0">
              <value>
                <![CDATA[ValidEmailInvalidPass]]>
              </value>
            </param>
            <param index="1">
              <value>
                <![CDATA[ineuron@ineuron.ai]]>
              </value>
            </param>
            <param index="2">
              <value>
                <![CDATA[sfasfd]]>
              </value>
            </param>
          </params>
          <reporter-output>
          </reporter-output>
        </test-method> <!-- loginTestFuncion -->
        <test-method is-config="true" signature="tearDown()[pri:0, instance:practise.LoginTest@7d8995e]" started-at="2023-02-21T20:58:02 IST" name="tearDown" finished-at="2023-02-21T20:58:03 IST" duration-ms="1147" status="PASS">
          <reporter-output>
          </reporter-output>
        </test-method> <!-- tearDown -->
        <test-method is-config="true" signature="setUp()[pri:0, instance:practise.LoginTest@7d8995e]" started-at="2023-02-21T20:58:03 IST" name="setUp" finished-at="2023-02-21T20:58:05 IST" duration-ms="1478" status="PASS">
          <reporter-output>
          </reporter-output>
        </test-method> <!-- setUp -->
        <test-method signature="loginTestFuncion(java.lang.String,java.lang.String,java.lang.String)[pri:0, instance:practise.LoginTest@7d8995e]" started-at="2023-02-21T20:58:05 IST" name="loginTestFuncion" data-provider="loginData" finished-at="2023-02-21T20:58:09 IST" duration-ms="4267" status="PASS">
          <params>
            <param index="0">
              <value>
                <![CDATA[InvalidEmailValidPass]]>
              </value>
            </param>
            <param index="1">
              <value>
                <![CDATA[ineuron@gmail.com]]>
              </value>
            </param>
            <param index="2">
              <value>
                <![CDATA[ineuron]]>
              </value>
            </param>
          </params>
          <reporter-output>
          </reporter-output>
        </test-method> <!-- loginTestFuncion -->
        <test-method is-config="true" signature="tearDown()[pri:0, instance:practise.LoginTest@7d8995e]" started-at="2023-02-21T20:58:09 IST" name="tearDown" finished-at="2023-02-21T20:58:10 IST" duration-ms="1154" status="PASS">
          <reporter-output>
          </reporter-output>
        </test-method> <!-- tearDown -->
        <test-method is-config="true" signature="setUp()[pri:0, instance:practise.LoginTest@7d8995e]" started-at="2023-02-21T20:58:10 IST" name="setUp" finished-at="2023-02-21T20:58:12 IST" duration-ms="1656" status="PASS">
          <reporter-output>
          </reporter-output>
        </test-method> <!-- setUp -->
        <test-method signature="loginTestFuncion(java.lang.String,java.lang.String,java.lang.String)[pri:0, instance:practise.LoginTest@7d8995e]" started-at="2023-02-21T20:58:12 IST" name="loginTestFuncion" data-provider="loginData" finished-at="2023-02-21T20:58:16 IST" duration-ms="4229" status="PASS">
          <params>
            <param index="0">
              <value>
                <![CDATA[InvalidCred]]>
              </value>
            </param>
            <param index="1">
              <value>
                <![CDATA[ineuron@gmail.ai]]>
              </value>
            </param>
            <param index="2">
              <value>
                <![CDATA[fefef]]>
              </value>
            </param>
          </params>
          <reporter-output>
          </reporter-output>
        </test-method> <!-- loginTestFuncion -->
        <test-method is-config="true" signature="tearDown()[pri:0, instance:practise.LoginTest@7d8995e]" started-at="2023-02-21T20:58:16 IST" name="tearDown" finished-at="2023-02-21T20:58:17 IST" duration-ms="1172" status="PASS">
          <reporter-output>
          </reporter-output>
        </test-method> <!-- tearDown -->
        <test-method is-config="true" signature="setUp()[pri:0, instance:practise.LoginTest@7d8995e]" started-at="2023-02-21T20:58:17 IST" name="setUp" finished-at="2023-02-21T20:58:19 IST" duration-ms="1597" status="PASS">
          <reporter-output>
          </reporter-output>
        </test-method> <!-- setUp -->
        <test-method signature="loginTestFuncion(java.lang.String,java.lang.String,java.lang.String)[pri:0, instance:practise.LoginTest@7d8995e]" started-at="2023-02-21T20:58:19 IST" name="loginTestFuncion" data-provider="loginData" finished-at="2023-02-21T20:58:23 IST" duration-ms="4282" status="PASS">
          <params>
            <param index="0">
              <value>
                <![CDATA[BlankCred]]>
              </value>
            </param>
            <param index="1">
              <value>
                <![CDATA[]]>
              </value>
            </param>
            <param index="2">
              <value>
                <![CDATA[]]>
              </value>
            </param>
          </params>
          <reporter-output>
          </reporter-output>
        </test-method> <!-- loginTestFuncion -->
        <test-method is-config="true" signature="tearDown()[pri:0, instance:practise.LoginTest@7d8995e]" started-at="2023-02-21T20:58:23 IST" name="tearDown" finished-at="2023-02-21T20:58:24 IST" duration-ms="1291" status="PASS">
          <reporter-output>
          </reporter-output>
        </test-method> <!-- tearDown -->
      </class> <!-- practise.LoginTest -->
    </test> <!-- Default test -->
  </suite> <!-- Default suite -->
</testng-results>
