<?xml version="1.0" encoding="UTF-8"?>
<testng-results ignored="0" total="10" passed="10" failed="0" skipped="0">
  <reporter-output>
  </reporter-output>
  <suite started-at="2023-02-02T04:35:21 IST" name="Default suite" finished-at="2023-02-02T04:35:36 IST" duration-ms="15795">
    <groups>
    </groups>
    <test started-at="2023-02-02T04:35:21 IST" name="Default test" finished-at="2023-02-02T04:35:36 IST" duration-ms="15795">
      <class name="assignment13.Task3_CreateUserTestUsingDataProviderWithExcel">
        <test-method is-config="true" signature="setUp()[pri:0, instance:assignment13.Task3_CreateUserTestUsingDataProviderWithExcel@18078bef]" started-at="2023-02-02T04:35:21 IST" name="setUp" finished-at="2023-02-02T04:35:24 IST" duration-ms="2996" status="PASS">
          <reporter-output>
          </reporter-output>
        </test-method> <!-- setUp -->
        <test-method signature="verifyLogoTest()[pri:1, instance:assignment13.Task3_CreateUserTestUsingDataProviderWithExcel@18078bef]" started-at="2023-02-02T04:35:24 IST" name="verifyLogoTest" finished-at="2023-02-02T04:35:24 IST" duration-ms="66" status="PASS">
          <reporter-output>
          </reporter-output>
        </test-method> <!-- verifyLogoTest -->
        <test-method signature="verifyPractiseLinkTest()[pri:2, instance:assignment13.Task3_CreateUserTestUsingDataProviderWithExcel@18078bef]" started-at="2023-02-02T04:35:24 IST" name="verifyPractiseLinkTest" finished-at="2023-02-02T04:35:24 IST" duration-ms="35" status="PASS">
          <reporter-output>
          </reporter-output>
        </test-method> <!-- verifyPractiseLinkTest -->
        <test-method signature="clickLogInTest()[pri:3, instance:assignment13.Task3_CreateUserTestUsingDataProviderWithExcel@18078bef]" started-at="2023-02-02T04:35:24 IST" name="clickLogInTest" finished-at="2023-02-02T04:35:24 IST" duration-ms="89" status="PASS">
          <reporter-output>
          </reporter-output>
        </test-method> <!-- clickLogInTest -->
        <test-method signature="verifySigInLabelTest()[pri:4, instance:assignment13.Task3_CreateUserTestUsingDataProviderWithExcel@18078bef]" started-at="2023-02-02T04:35:24 IST" name="verifySigInLabelTest" finished-at="2023-02-02T04:35:24 IST" duration-ms="28" status="PASS">
          <reporter-output>
          </reporter-output>
        </test-method> <!-- verifySigInLabelTest -->
        <test-method signature="clickOnSignUpLinkAndVerifySignUpLabelTest()[pri:5, instance:assignment13.Task3_CreateUserTestUsingDataProviderWithExcel@18078bef]" started-at="2023-02-02T04:35:24 IST" name="clickOnSignUpLinkAndVerifySignUpLabelTest" finished-at="2023-02-02T04:35:25 IST" duration-ms="674" status="PASS">
          <reporter-output>
          </reporter-output>
        </test-method> <!-- clickOnSignUpLinkAndVerifySignUpLabelTest -->
        <test-method signature="createUserTest(java.lang.String,java.lang.String,java.lang.String,java.lang.String,java.lang.String,java.lang.String)[pri:6, instance:assignment13.Task3_CreateUserTestUsingDataProviderWithExcel@18078bef]" started-at="2023-02-02T04:35:25 IST" name="createUserTest" data-provider="getRegisterData" finished-at="2023-02-02T04:35:27 IST" duration-ms="2166" status="PASS">
          <params>
            <param index="0">
              <value>
                <![CDATA[Rimmi]]>
              </value>
            </param>
            <param index="1">
              <value>
                <![CDATA[rimmi@gmail.com]]>
              </value>
            </param>
            <param index="2">
              <value>
                <![CDATA[456345]]>
              </value>
            </param>
            <param index="3">
              <value>
                <![CDATA[Web Dev]]>
              </value>
            </param>
            <param index="4">
              <value>
                <![CDATA[Female]]>
              </value>
            </param>
            <param index="5">
              <value>
                <![CDATA[Telangana]]>
              </value>
            </param>
          </params>
          <reporter-output>
          </reporter-output>
        </test-method> <!-- createUserTest -->
        <test-method signature="createUserTest(java.lang.String,java.lang.String,java.lang.String,java.lang.String,java.lang.String,java.lang.String)[pri:6, instance:assignment13.Task3_CreateUserTestUsingDataProviderWithExcel@18078bef]" started-at="2023-02-02T04:35:27 IST" name="createUserTest" data-provider="getRegisterData" finished-at="2023-02-02T04:35:29 IST" duration-ms="2105" status="PASS">
          <params>
            <param index="0">
              <value>
                <![CDATA[Sanjeev]]>
              </value>
            </param>
            <param index="1">
              <value>
                <![CDATA[sanjeev@gmail.com]]>
              </value>
            </param>
            <param index="2">
              <value>
                <![CDATA[874675]]>
              </value>
            </param>
            <param index="3">
              <value>
                <![CDATA[Selenium]]>
              </value>
            </param>
            <param index="4">
              <value>
                <![CDATA[Male]]>
              </value>
            </param>
            <param index="5">
              <value>
                <![CDATA[Uttar Pradesh]]>
              </value>
            </param>
          </params>
          <reporter-output>
          </reporter-output>
        </test-method> <!-- createUserTest -->
        <test-method signature="createUserTest(java.lang.String,java.lang.String,java.lang.String,java.lang.String,java.lang.String,java.lang.String)[pri:6, instance:assignment13.Task3_CreateUserTestUsingDataProviderWithExcel@18078bef]" started-at="2023-02-02T04:35:29 IST" name="createUserTest" data-provider="getRegisterData" finished-at="2023-02-02T04:35:32 IST" duration-ms="2368" status="PASS">
          <params>
            <param index="0">
              <value>
                <![CDATA[Ticko]]>
              </value>
            </param>
            <param index="1">
              <value>
                <![CDATA[ticko@gmail.com]]>
              </value>
            </param>
            <param index="2">
              <value>
                <![CDATA[345345]]>
              </value>
            </param>
            <param index="3">
              <value>
                <![CDATA[DevOps]]>
              </value>
            </param>
            <param index="4">
              <value>
                <![CDATA[Male]]>
              </value>
            </param>
            <param index="5">
              <value>
                <![CDATA[Uttarakhand]]>
              </value>
            </param>
          </params>
          <reporter-output>
          </reporter-output>
        </test-method> <!-- createUserTest -->
        <test-method signature="createUserTest(java.lang.String,java.lang.String,java.lang.String,java.lang.String,java.lang.String,java.lang.String)[pri:6, instance:assignment13.Task3_CreateUserTestUsingDataProviderWithExcel@18078bef]" started-at="2023-02-02T04:35:32 IST" name="createUserTest" data-provider="getRegisterData" finished-at="2023-02-02T04:35:34 IST" duration-ms="2338" status="PASS">
          <params>
            <param index="0">
              <value>
                <![CDATA[Poonam]]>
              </value>
            </param>
            <param index="1">
              <value>
                <![CDATA[poonam@gmail.com]]>
              </value>
            </param>
            <param index="2">
              <value>
                <![CDATA[669858]]>
              </value>
            </param>
            <param index="3">
              <value>
                <![CDATA[Machine Learning]]>
              </value>
            </param>
            <param index="4">
              <value>
                <![CDATA[Female]]>
              </value>
            </param>
            <param index="5">
              <value>
                <![CDATA[Sikkim]]>
              </value>
            </param>
          </params>
          <reporter-output>
          </reporter-output>
        </test-method> <!-- createUserTest -->
        <test-method signature="createUserTest(java.lang.String,java.lang.String,java.lang.String,java.lang.String,java.lang.String,java.lang.String)[pri:6, instance:assignment13.Task3_CreateUserTestUsingDataProviderWithExcel@18078bef]" started-at="2023-02-02T04:35:34 IST" name="createUserTest" data-provider="getRegisterData" finished-at="2023-02-02T04:35:36 IST" duration-ms="2187" status="PASS">
          <params>
            <param index="0">
              <value>
                <![CDATA[Shivam]]>
              </value>
            </param>
            <param index="1">
              <value>
                <![CDATA[shiv@gmail.com]]>
              </value>
            </param>
            <param index="2">
              <value>
                <![CDATA[676186]]>
              </value>
            </param>
            <param index="3">
              <value>
                <![CDATA[Testing]]>
              </value>
            </param>
            <param index="4">
              <value>
                <![CDATA[Male]]>
              </value>
            </param>
            <param index="5">
              <value>
                <![CDATA[Tripura]]>
              </value>
            </param>
          </params>
          <reporter-output>
          </reporter-output>
        </test-method> <!-- createUserTest -->
        <test-method is-config="true" signature="tearDown()[pri:0, instance:assignment13.Task3_CreateUserTestUsingDataProviderWithExcel@18078bef]" started-at="2023-02-02T04:35:36 IST" name="tearDown" finished-at="2023-02-02T04:35:36 IST" duration-ms="143" status="PASS">
          <reporter-output>
          </reporter-output>
        </test-method> <!-- tearDown -->
      </class> <!-- assignment13.Task3_CreateUserTestUsingDataProviderWithExcel -->
    </test> <!-- Default test -->
  </suite> <!-- Default suite -->
</testng-results>
