<?xml version="1.0" encoding="UTF-8"?>
<!-- Generated by org.testng.reporters.JUnitXMLReporter -->
<testsuite ignored="0" hostname="DESKTOP-HADT1D5" failures="0" tests="4" name="Smoke" time="0.076" errors="0" timestamp="2023-01-22T22:24:58 IST">
  <testcase classname="jan_21.SkipTest" name="login" time="0.015"/>
  <testcase classname="jan_21.SkipTest" name="logout" time="0.002"/>
  <testcase classname="jan_21.SoftAssertDemo" name="test1" time="0.002"/>
  <testcase classname="jan_21.SoftAssertDemo" name="test2" time="0.005"/>
</testsuite> <!-- Smoke -->
